[01m[K/home/rsa2021/starter_code/src/lidar/src/lidar_main.cpp:14:25:[m[K [01;35m[Kwarning: [m[Kcharacter constant too long for its type
   14 |     PointCloud() : Node([01;35m[K'lidar_node'[m[K) {
      |                         [01;35m[K^~~~~~~~~~~~[m[K
[01m[K/home/rsa2021/starter_code/src/lidar/src/lidar_main.cpp:7:36:[m[K [01;31m[Kerror: [m[Kâ€˜[01m[K_1[m[Kâ€™ is not a namespace-name
    7 | using namespace std::placeholders::[01;31m[K_1[m[K;
      |                                    [01;31m[K^~[m[K
[01m[K/home/rsa2021/starter_code/src/lidar/src/lidar_main.cpp:9:33:[m[K [01;31m[Kerror: [m[Kexpected class-name before â€˜[01m[K:[m[Kâ€™ token
    9 | class PointCloud : public rclcpp[01;31m[K:[m[KNode {
      |                                 [01;31m[K^[m[K
[01m[K/home/rsa2021/starter_code/src/lidar/src/lidar_main.cpp:9:33:[m[K [01;31m[Kerror: [m[Kexpected â€˜[01m[K{[m[Kâ€™ before â€˜[01m[K:[m[Kâ€™ token
[01m[K/home/rsa2021/starter_code/src/lidar/src/lidar_main.cpp:9:33:[m[K [01;31m[Kerror: [m[Kexpected unqualified-id before â€˜[01m[K:[m[Kâ€™ token
[01m[K/home/rsa2021/starter_code/src/lidar/src/lidar_main.cpp:[m[K In function â€˜[01m[Kint main(int, char**)[m[Kâ€™:
[01m[K/home/rsa2021/starter_code/src/lidar/src/lidar_main.cpp:60:33:[m[K [01;31m[Kerror: [m[Kâ€˜[01m[KPublisher[m[Kâ€™ was not declared in this scope
   60 |   rclcpp::spin(std::make_shared<[01;31m[KPublisher[m[K>());
      |                                 [01;31m[K^~~~~~~~~[m[K
[01m[K/home/rsa2021/starter_code/src/lidar/src/lidar_main.cpp:60:33:[m[K [01;36m[Knote: [m[Ksuggested alternatives:
In file included from [01m[K/opt/ros/foxy/include/rclcpp/topic_statistics/subscription_topic_statistics.hpp:31[m[K,
                 from [01m[K/opt/ros/foxy/include/rclcpp/subscription.hpp:50[m[K,
                 from [01m[K/opt/ros/foxy/include/rclcpp/any_executable.hpp:25[m[K,
                 from [01m[K/opt/ros/foxy/include/rclcpp/memory_strategy.hpp:24[m[K,
                 from [01m[K/opt/ros/foxy/include/rclcpp/memory_strategies.hpp:18[m[K,
                 from [01m[K/opt/ros/foxy/include/rclcpp/executor_options.hpp:20[m[K,
                 from [01m[K/opt/ros/foxy/include/rclcpp/executor.hpp:33[m[K,
                 from [01m[K/opt/ros/foxy/include/rclcpp/executors/multi_threaded_executor.hpp:25[m[K,
                 from [01m[K/opt/ros/foxy/include/rclcpp/executors.hpp:21[m[K,
                 from [01m[K/opt/ros/foxy/include/rclcpp/rclcpp.hpp:146[m[K,
                 from [01m[K/home/rsa2021/starter_code/src/lidar/src/lidar_main.cpp:2[m[K:
[01m[K/opt/ros/foxy/include/rclcpp/publisher.hpp:51:7:[m[K [01;36m[Knote: [m[K  â€˜[01m[Krclcpp::Publisher[m[Kâ€™
   51 | class [01;36m[KPublisher[m[K : public PublisherBase
      |       [01;36m[K^~~~~~~~~[m[K
In file included from [01m[K/opt/ros/foxy/include/rclcpp/client.hpp:34[m[K,
                 from [01m[K/opt/ros/foxy/include/rclcpp/callback_group.hpp:23[m[K,
                 from [01m[K/opt/ros/foxy/include/rclcpp/any_executable.hpp:20[m[K,
                 from [01m[K/opt/ros/foxy/include/rclcpp/memory_strategy.hpp:24[m[K,
                 from [01m[K/opt/ros/foxy/include/rclcpp/memory_strategies.hpp:18[m[K,
                 from [01m[K/opt/ros/foxy/include/rclcpp/executor_options.hpp:20[m[K,
                 from [01m[K/opt/ros/foxy/include/rclcpp/executor.hpp:33[m[K,
                 from [01m[K/opt/ros/foxy/include/rclcpp/executors/multi_threaded_executor.hpp:25[m[K,
                 from [01m[K/opt/ros/foxy/include/rclcpp/executors.hpp:21[m[K,
                 from [01m[K/opt/ros/foxy/include/rclcpp/rclcpp.hpp:146[m[K,
                 from [01m[K/home/rsa2021/starter_code/src/lidar/src/lidar_main.cpp:2[m[K:
[01m[K/opt/ros/foxy/include/rclcpp/node_interfaces/node_graph_interface.hpp:40:3:[m[K [01;36m[Knote: [m[K  â€˜[01m[Krclcpp::EndpointType::Publisher[m[Kâ€™
   40 |   [01;36m[KPublisher[m[K = RMW_ENDPOINT_PUBLISHER,
      |   [01;36m[K^~~~~~~~~[m[K
[01m[K/home/rsa2021/starter_code/src/lidar/src/lidar_main.cpp:60:44:[m[K [01;31m[Kerror: [m[Kno matching function for call to â€˜[01m[Kmake_shared<<expression error> >()[m[Kâ€™
   60 |   rclcpp::spin(std::make_shared<Publisher>([01;31m[K)[m[K);
      |                                            [01;31m[K^[m[K
In file included from [01m[K/usr/include/c++/9/memory:81[m[K,
                 from [01m[K/home/rsa2021/starter_code/src/lidar/src/lidar_main.cpp:1[m[K:
[01m[K/usr/include/c++/9/bits/shared_ptr.h:714:5:[m[K [01;36m[Knote: [m[Kcandidate: â€˜[01m[Ktemplate<class _Tp, class ... _Args> std::shared_ptr<_Tp> std::make_shared(_Args&& ...)[m[Kâ€™
  714 |     [01;36m[Kmake_shared[m[K(_Args&&... __args)
      |     [01;36m[K^~~~~~~~~~~[m[K
[01m[K/usr/include/c++/9/bits/shared_ptr.h:714:5:[m[K [01;36m[Knote: [m[K  template argument deduction/substitution failed:
[01m[K/home/rsa2021/starter_code/src/lidar/src/lidar_main.cpp:60:44:[m[K [01;31m[Kerror: [m[Ktemplate argument 1 is invalid
   60 |   rclcpp::spin(std::make_shared<Publisher>([01;31m[K)[m[K);
      |                                            [01;31m[K^[m[K
make[2]: *** [CMakeFiles/lidar.dir/build.make:63: CMakeFiles/lidar.dir/src/lidar_main.cpp.o] Error 1
make[1]: *** [CMakeFiles/Makefile2:78: CMakeFiles/lidar.dir/all] Error 2
make: *** [Makefile:141: all] Error 2
