[0.035s] Invoking command in '/home/rsa2021/starter_code/build/lidar': CMAKE_PREFIX_PATH=${CMAKE_PREFIX_PATH}:/opt/ros/foxy /usr/bin/cmake --build /home/rsa2021/starter_code/build/lidar -- -j4 -l4
[0.075s] -- Found ament_cmake: 0.9.8 (/opt/ros/foxy/share/ament_cmake/cmake)
[0.099s] -- Using PYTHON_EXECUTABLE: /usr/bin/python3
[0.365s] -- Found rclcpp: 2.3.1 (/opt/ros/foxy/share/rclcpp/cmake)
[0.399s] -- Using all available rosidl_typesupport_c: rosidl_typesupport_fastrtps_c;rosidl_typesupport_introspection_c
[0.402s] -- Found rosidl_adapter: 1.2.1 (/opt/ros/foxy/share/rosidl_adapter/cmake)
[0.534s] -- Using all available rosidl_typesupport_cpp: rosidl_typesupport_fastrtps_cpp;rosidl_typesupport_introspection_cpp
[0.578s] -- Found rmw_implementation_cmake: 1.0.3 (/opt/ros/foxy/share/rmw_implementation_cmake/cmake)
[0.579s] -- Using RMW implementation 'rmw_fastrtps_cpp' as default
[0.707s] -- Found geometry_msgs: 2.0.4 (/opt/ros/foxy/share/geometry_msgs/cmake)
[0.737s] -- Found visualization_msgs: 2.0.4 (/opt/ros/foxy/share/visualization_msgs/cmake)
[0.812s] -- Found ament_lint_auto: 0.9.6 (/opt/ros/foxy/share/ament_lint_auto/cmake)
[0.887s] -- Added test 'copyright' to check source files copyright and LICENSE
[0.887s] -- Added test 'cppcheck' to perform static code analysis on C / C++ code
[0.888s] -- Configured cppcheck include dirs: $<BUILD_INTERFACE:/home/rsa2021/starter_code/src/lidar/include>
[0.888s] -- Configured cppcheck exclude dirs and/or files: 
[0.888s] -- Added test 'cpplint' to check C / C++ code against the Google style
[0.888s] -- Configured cpplint exclude dirs and/or files: 
[0.889s] -- Added test 'lint_cmake' to check CMake code style
[0.889s] -- Added test 'uncrustify' to check C / C++ code style
[0.890s] -- Configured uncrustify additional arguments: 
[0.890s] -- Added test 'xmllint' to check XML markup files
[0.893s] -- Configuring done
[0.901s] -- Generating done
[0.903s] -- Build files have been written to: /home/rsa2021/starter_code/build/lidar
[0.930s] [35m[1mScanning dependencies of target lidar[0m
[0.968s] [ 50%] [32mBuilding CXX object CMakeFiles/lidar.dir/src/lidar_main.cpp.o[0m
[1.065s] [01m[K/home/rsa2021/starter_code/src/lidar/src/lidar_main.cpp:14:25:[m[K [01;35m[Kwarning: [m[Kcharacter constant too long for its type
[1.066s]    14 |     PointCloud() : Node([01;35m[K'lidar_node'[m[K) {
[1.066s]       |                         [01;35m[K^~~~~~~~~~~~[m[K
[2.178s] [01m[K/home/rsa2021/starter_code/src/lidar/src/lidar_main.cpp:7:36:[m[K [01;31m[Kerror: [m[Kâ€˜[01m[K_1[m[Kâ€™ is not a namespace-name
[2.178s]     7 | using namespace std::placeholders::[01;31m[K_1[m[K;
[2.178s]       |                                    [01;31m[K^~[m[K
[2.178s] [01m[K/home/rsa2021/starter_code/src/lidar/src/lidar_main.cpp:9:33:[m[K [01;31m[Kerror: [m[Kexpected class-name before â€˜[01m[K:[m[Kâ€™ token
[2.178s]     9 | class PointCloud : public rclcpp[01;31m[K:[m[KNode {
[2.178s]       |                                 [01;31m[K^[m[K
[2.178s] [01m[K/home/rsa2021/starter_code/src/lidar/src/lidar_main.cpp:9:33:[m[K [01;31m[Kerror: [m[Kexpected â€˜[01m[K{[m[Kâ€™ before â€˜[01m[K:[m[Kâ€™ token
[2.178s] [01m[K/home/rsa2021/starter_code/src/lidar/src/lidar_main.cpp:9:33:[m[K [01;31m[Kerror: [m[Kexpected unqualified-id before â€˜[01m[K:[m[Kâ€™ token
[2.179s] [01m[K/home/rsa2021/starter_code/src/lidar/src/lidar_main.cpp:[m[K In function â€˜[01m[Kint main(int, char**)[m[Kâ€™:
[2.179s] [01m[K/home/rsa2021/starter_code/src/lidar/src/lidar_main.cpp:60:33:[m[K [01;31m[Kerror: [m[Kâ€˜[01m[KPublisher[m[Kâ€™ was not declared in this scope
[2.179s]    60 |   rclcpp::spin(std::make_shared<[01;31m[KPublisher[m[K>());
[2.179s]       |                                 [01;31m[K^~~~~~~~~[m[K
[2.179s] [01m[K/home/rsa2021/starter_code/src/lidar/src/lidar_main.cpp:60:33:[m[K [01;36m[Knote: [m[Ksuggested alternatives:
[2.179s] In file included from [01m[K/opt/ros/foxy/include/rclcpp/topic_statistics/subscription_topic_statistics.hpp:31[m[K,
[2.179s]                  from [01m[K/opt/ros/foxy/include/rclcpp/subscription.hpp:50[m[K,
[2.179s]                  from [01m[K/opt/ros/foxy/include/rclcpp/any_executable.hpp:25[m[K,
[2.179s]                  from [01m[K/opt/ros/foxy/include/rclcpp/memory_strategy.hpp:24[m[K,
[2.179s]                  from [01m[K/opt/ros/foxy/include/rclcpp/memory_strategies.hpp:18[m[K,
[2.179s]                  from [01m[K/opt/ros/foxy/include/rclcpp/executor_options.hpp:20[m[K,
[2.179s]                  from [01m[K/opt/ros/foxy/include/rclcpp/executor.hpp:33[m[K,
[2.179s]                  from [01m[K/opt/ros/foxy/include/rclcpp/executors/multi_threaded_executor.hpp:25[m[K,
[2.180s]                  from [01m[K/opt/ros/foxy/include/rclcpp/executors.hpp:21[m[K,
[2.180s]                  from [01m[K/opt/ros/foxy/include/rclcpp/rclcpp.hpp:146[m[K,
[2.180s]                  from [01m[K/home/rsa2021/starter_code/src/lidar/src/lidar_main.cpp:2[m[K:
[2.180s] [01m[K/opt/ros/foxy/include/rclcpp/publisher.hpp:51:7:[m[K [01;36m[Knote: [m[K  â€˜[01m[Krclcpp::Publisher[m[Kâ€™
[2.180s]    51 | class [01;36m[KPublisher[m[K : public PublisherBase
[2.180s]       |       [01;36m[K^~~~~~~~~[m[K
[2.180s] In file included from [01m[K/opt/ros/foxy/include/rclcpp/client.hpp:34[m[K,
[2.180s]                  from [01m[K/opt/ros/foxy/include/rclcpp/callback_group.hpp:23[m[K,
[2.180s]                  from [01m[K/opt/ros/foxy/include/rclcpp/any_executable.hpp:20[m[K,
[2.180s]                  from [01m[K/opt/ros/foxy/include/rclcpp/memory_strategy.hpp:24[m[K,
[2.180s]                  from [01m[K/opt/ros/foxy/include/rclcpp/memory_strategies.hpp:18[m[K,
[2.180s]                  from [01m[K/opt/ros/foxy/include/rclcpp/executor_options.hpp:20[m[K,
[2.180s]                  from [01m[K/opt/ros/foxy/include/rclcpp/executor.hpp:33[m[K,
[2.180s]                  from [01m[K/opt/ros/foxy/include/rclcpp/executors/multi_threaded_executor.hpp:25[m[K,
[2.180s]                  from [01m[K/opt/ros/foxy/include/rclcpp/executors.hpp:21[m[K,
[2.180s]                  from [01m[K/opt/ros/foxy/include/rclcpp/rclcpp.hpp:146[m[K,
[2.180s]                  from [01m[K/home/rsa2021/starter_code/src/lidar/src/lidar_main.cpp:2[m[K:
[2.180s] [01m[K/opt/ros/foxy/include/rclcpp/node_interfaces/node_graph_interface.hpp:40:3:[m[K [01;36m[Knote: [m[K  â€˜[01m[Krclcpp::EndpointType::Publisher[m[Kâ€™
[2.180s]    40 |   [01;36m[KPublisher[m[K = RMW_ENDPOINT_PUBLISHER,
[2.180s]       |   [01;36m[K^~~~~~~~~[m[K
[2.181s] [01m[K/home/rsa2021/starter_code/src/lidar/src/lidar_main.cpp:60:44:[m[K [01;31m[Kerror: [m[Kno matching function for call to â€˜[01m[Kmake_shared<<expression error> >()[m[Kâ€™
[2.181s]    60 |   rclcpp::spin(std::make_shared<Publisher>([01;31m[K)[m[K);
[2.181s]       |                                            [01;31m[K^[m[K
[2.181s] In file included from [01m[K/usr/include/c++/9/memory:81[m[K,
[2.181s]                  from [01m[K/home/rsa2021/starter_code/src/lidar/src/lidar_main.cpp:1[m[K:
[2.181s] [01m[K/usr/include/c++/9/bits/shared_ptr.h:714:5:[m[K [01;36m[Knote: [m[Kcandidate: â€˜[01m[Ktemplate<class _Tp, class ... _Args> std::shared_ptr<_Tp> std::make_shared(_Args&& ...)[m[Kâ€™
[2.181s]   714 |     [01;36m[Kmake_shared[m[K(_Args&&... __args)
[2.181s]       |     [01;36m[K^~~~~~~~~~~[m[K
[2.181s] [01m[K/usr/include/c++/9/bits/shared_ptr.h:714:5:[m[K [01;36m[Knote: [m[K  template argument deduction/substitution failed:
[2.182s] [01m[K/home/rsa2021/starter_code/src/lidar/src/lidar_main.cpp:60:44:[m[K [01;31m[Kerror: [m[Ktemplate argument 1 is invalid
[2.182s]    60 |   rclcpp::spin(std::make_shared<Publisher>([01;31m[K)[m[K);
[2.182s]       |                                            [01;31m[K^[m[K
[2.523s] make[2]: *** [CMakeFiles/lidar.dir/build.make:63: CMakeFiles/lidar.dir/src/lidar_main.cpp.o] Error 1
[2.524s] make[1]: *** [CMakeFiles/Makefile2:78: CMakeFiles/lidar.dir/all] Error 2
[2.524s] make: *** [Makefile:141: all] Error 2
[2.526s] Invoked command in '/home/rsa2021/starter_code/build/lidar' returned '2': CMAKE_PREFIX_PATH=${CMAKE_PREFIX_PATH}:/opt/ros/foxy /usr/bin/cmake --build /home/rsa2021/starter_code/build/lidar -- -j4 -l4
