[0.026s] Invoking command in '/home/rsa2021/starter_code/build/lidar': CMAKE_PREFIX_PATH=/opt/ros/foxy /usr/bin/cmake --build /home/rsa2021/starter_code/build/lidar -- -j4 -l4
[0.065s] [35m[1mScanning dependencies of target lidar[0m
[0.090s] [ 50%] [32mBuilding CXX object CMakeFiles/lidar.dir/src/lidar_main.cpp.o[0m
[1.301s] [01m[K/home/rsa2021/starter_code/src/lidar/src/lidar_main.cpp:[m[K In member function â€˜[01m[Kvoid PointCloud::point_callback()[m[Kâ€™:
[1.301s] [01m[K/home/rsa2021/starter_code/src/lidar/src/lidar_main.cpp:53:43:[m[K [01;31m[Kerror: [m[Kno match for â€˜[01m[Koperator*[m[Kâ€™ (operand type is â€˜[01m[Kgeometry_msgs::msg::PointStamped[m[Kâ€™ {aka â€˜[01m[Kgeometry_msgs::msg::PointStamped_<std::allocator<void> >[m[Kâ€™})
[1.301s]    53 |         publisher_->publish(this->convert([01;31m[K*ps[m[K);
[1.301s]       |                                           [01;31m[K^~~[m[K
[2.678s] make[2]: *** [CMakeFiles/lidar.dir/build.make:63: CMakeFiles/lidar.dir/src/lidar_main.cpp.o] Error 1
[2.678s] make[1]: *** [CMakeFiles/Makefile2:78: CMakeFiles/lidar.dir/all] Error 2
[2.679s] make: *** [Makefile:141: all] Error 2
[2.681s] Invoked command in '/home/rsa2021/starter_code/build/lidar' returned '2': CMAKE_PREFIX_PATH=/opt/ros/foxy /usr/bin/cmake --build /home/rsa2021/starter_code/build/lidar -- -j4 -l4
