[0.026s] Invoking command in '/home/rsa2021/starter_code/build/lidar': CMAKE_PREFIX_PATH=/opt/ros/foxy /usr/bin/cmake --build /home/rsa2021/starter_code/build/lidar -- -j4 -l4
[0.087s] [35m[1mScanning dependencies of target lidar[0m
[0.123s] [ 50%] [32mBuilding CXX object CMakeFiles/lidar.dir/src/lidar_main.cpp.o[0m
[1.366s] [01m[K/home/rsa2021/starter_code/src/lidar/src/lidar_main.cpp:20:25:[m[K [01;31m[Kerror: [m[Kâ€˜[01m[KMarker[m[Kâ€™ in namespace â€˜[01m[Kvisualization_msgs[m[Kâ€™ does not name a type
[1.366s]    20 |     visualization_msgs::[01;31m[KMarker[m[K convert(geometry_msgs::msg::PointStamped & ps) {
[1.366s]       |                         [01;31m[K^~~~~~[m[K
[1.366s] [01m[K/home/rsa2021/starter_code/src/lidar/src/lidar_main.cpp:53:2:[m[K [01;31m[Kerror: [m[Kexpected â€˜[01m[K;[m[Kâ€™ after class definition
[1.366s]    53 | }
[1.367s]       |  [01;31m[K^[m[K
[1.367s]       |  [32m[K;[m[K
[1.373s] [01m[K/home/rsa2021/starter_code/src/lidar/src/lidar_main.cpp:[m[K In constructor â€˜[01m[KPointCloud::PointCloud()[m[Kâ€™:
[1.373s] [01m[K/home/rsa2021/starter_code/src/lidar/src/lidar_main.cpp:13:79:[m[K [01;31m[Kerror: [m[Kno match for â€˜[01m[Koperator=[m[Kâ€™ (operand types are â€˜[01m[Krclcpp::Publisher<geometry_msgs::msg::PointStamped_<std::allocator<void> > >::SharedPtr[m[Kâ€™ {aka â€˜[01m[Kstd::shared_ptr<rclcpp::Publisher<geometry_msgs::msg::PointStamped_<std::allocator<void> > > >[m[Kâ€™} and â€˜[01m[Kstd::shared_ptr<rclcpp::Publisher<std_msgs::msg::String_<std::allocator<void> >, std::allocator<void> > >[m[Kâ€™)
[1.373s]    13 |         publisher_ = this->create_publisher<std_msgs::msg::String>("topic", 10[01;31m[K)[m[K;
[1.373s]       |                                                                               [01;31m[K^[m[K
[1.374s] In file included from [01m[K/usr/include/c++/9/memory:81[m[K,
[1.374s]                  from [01m[K/home/rsa2021/starter_code/src/lidar/src/lidar_main.cpp:1[m[K:
[1.374s] [01m[K/usr/include/c++/9/bits/shared_ptr.h:309:19:[m[K [01;36m[Knote: [m[Kcandidate: â€˜[01m[Kstd::shared_ptr<_Tp>& std::shared_ptr<_Tp>::operator=(const std::shared_ptr<_Tp>&) [with _Tp = rclcpp::Publisher<geometry_msgs::msg::PointStamped_<std::allocator<void> > >][m[Kâ€™
[1.374s]   309 |       shared_ptr& [01;36m[Koperator[m[K=(const shared_ptr&) noexcept = default;
[1.374s]       |                   [01;36m[K^~~~~~~~[m[K
[1.375s] [01m[K/usr/include/c++/9/bits/shared_ptr.h:309:29:[m[K [01;36m[Knote: [m[K  no known conversion for argument 1 from â€˜[01m[Kstd::shared_ptr<rclcpp::Publisher<std_msgs::msg::String_<std::allocator<void> >, std::allocator<void> > >[m[Kâ€™ to â€˜[01m[Kconst std::shared_ptr<rclcpp::Publisher<geometry_msgs::msg::PointStamped_<std::allocator<void> > > >&[m[Kâ€™
[1.375s]   309 |       shared_ptr& operator=([01;36m[Kconst shared_ptr&[m[K) noexcept = default;
[1.375s]       |                             [01;36m[K^~~~~~~~~~~~~~~~~[m[K
[1.376s] [01m[K/usr/include/c++/9/bits/shared_ptr.h:313:2:[m[K [01;36m[Knote: [m[Kcandidate: â€˜[01m[Ktemplate<class _Yp> std::shared_ptr<_Tp>::_Assignable<const std::shared_ptr<_Yp>&> std::shared_ptr<_Tp>::operator=(const std::shared_ptr<_Yp>&) [with _Yp = _Yp; _Tp = rclcpp::Publisher<geometry_msgs::msg::PointStamped_<std::allocator<void> > >][m[Kâ€™
[1.376s]   313 |  [01;36m[Koperator[m[K=(const shared_ptr<_Yp>& __r) noexcept
[1.376s]       |  [01;36m[K^~~~~~~~[m[K
[1.376s] [01m[K/usr/include/c++/9/bits/shared_ptr.h:313:2:[m[K [01;36m[Knote: [m[K  template argument deduction/substitution failed:
[1.376s] /usr/include/c++/9/bits/shared_ptr.h: In substitution of â€˜[01m[Ktemplate<class _Tp> template<class _Arg> using _Assignable = typename std::enable_if<std::is_assignable<std::__shared_ptr<_Tp>&, _Arg>::value, std::shared_ptr<_Tp>&>::type [with _Arg = const std::shared_ptr<rclcpp::Publisher<std_msgs::msg::String_<std::allocator<void> >, std::allocator<void> > >&; _Tp = rclcpp::Publisher<geometry_msgs::msg::PointStamped_<std::allocator<void> > >][m[Kâ€™:
[1.376s] [01m[K/usr/include/c++/9/bits/shared_ptr.h:313:2:[m[K   required by substitution of â€˜[01m[Ktemplate<class _Yp> std::shared_ptr<rclcpp::Publisher<geometry_msgs::msg::PointStamped_<std::allocator<void> > > >::_Assignable<const std::shared_ptr<_Tp>&> std::shared_ptr<rclcpp::Publisher<geometry_msgs::msg::PointStamped_<std::allocator<void> > > >::operator=<_Yp>(const std::shared_ptr<_Tp>&) [with _Yp = rclcpp::Publisher<std_msgs::msg::String_<std::allocator<void> >, std::allocator<void> >][m[Kâ€™
[1.377s] [01m[K/home/rsa2021/starter_code/src/lidar/src/lidar_main.cpp:13:79:[m[K   required from here
[1.377s] [01m[K/usr/include/c++/9/bits/shared_ptr.h:111:8:[m[K [01;31m[Kerror: [m[Kno type named â€˜[01m[Ktype[m[Kâ€™ in â€˜[01m[Kstruct std::enable_if<false, std::shared_ptr<rclcpp::Publisher<geometry_msgs::msg::PointStamped_<std::allocator<void> > > >&>[m[Kâ€™
[1.377s]   111 |  using [01;31m[K_Assignable[m[K = typename enable_if<
[1.377s]       |        [01;31m[K^~~~~~~~~~~[m[K
[1.378s] [01m[K/usr/include/c++/9/bits/shared_ptr.h:324:2:[m[K [01;36m[Knote: [m[Kcandidate: â€˜[01m[Ktemplate<class _Yp> std::shared_ptr<_Tp>::_Assignable<std::auto_ptr<_Up> > std::shared_ptr<_Tp>::operator=(std::auto_ptr<_Up>&&) [with _Yp = _Yp; _Tp = rclcpp::Publisher<geometry_msgs::msg::PointStamped_<std::allocator<void> > >][m[Kâ€™
[1.378s]   324 |  [01;36m[Koperator[m[K=(auto_ptr<_Yp>&& __r)
[1.378s]       |  [01;36m[K^~~~~~~~[m[K
[1.378s] [01m[K/usr/include/c++/9/bits/shared_ptr.h:324:2:[m[K [01;36m[Knote: [m[K  template argument deduction/substitution failed:
[1.378s] [01m[K/home/rsa2021/starter_code/src/lidar/src/lidar_main.cpp:13:79:[m[K [01;36m[Knote: [m[K  â€˜[01m[Kstd::shared_ptr<rclcpp::Publisher<std_msgs::msg::String_<std::allocator<void> >, std::allocator<void> > >[m[Kâ€™ is not derived from â€˜[01m[Kstd::auto_ptr<_Up>[m[Kâ€™
[1.378s]    13 |         publisher_ = this->create_publisher<std_msgs::msg::String>("topic", 10[01;36m[K)[m[K;
[1.378s]       |                                                                               [01;36m[K^[m[K
[1.378s] In file included from [01m[K/usr/include/c++/9/memory:81[m[K,
[1.378s]                  from [01m[K/home/rsa2021/starter_code/src/lidar/src/lidar_main.cpp:1[m[K:
[1.378s] [01m[K/usr/include/c++/9/bits/shared_ptr.h:333:7:[m[K [01;36m[Knote: [m[Kcandidate: â€˜[01m[Kstd::shared_ptr<_Tp>& std::shared_ptr<_Tp>::operator=(std::shared_ptr<_Tp>&&) [with _Tp = rclcpp::Publisher<geometry_msgs::msg::PointStamped_<std::allocator<void> > >][m[Kâ€™
[1.378s]   333 |       [01;36m[Koperator[m[K=(shared_ptr&& __r) noexcept
[1.378s]       |       [01;36m[K^~~~~~~~[m[K
[1.378s] [01m[K/usr/include/c++/9/bits/shared_ptr.h:333:30:[m[K [01;36m[Knote: [m[K  no known conversion for argument 1 from â€˜[01m[Kstd::shared_ptr<rclcpp::Publisher<std_msgs::msg::String_<std::allocator<void> >, std::allocator<void> > >[m[Kâ€™ to â€˜[01m[Kstd::shared_ptr<rclcpp::Publisher<geometry_msgs::msg::PointStamped_<std::allocator<void> > > >&&[m[Kâ€™
[1.378s]   333 |       operator=([01;36m[Kshared_ptr&& __r[m[K) noexcept
[1.379s]       |                 [01;36m[K~~~~~~~~~~~~~^~~[m[K
[1.379s] [01m[K/usr/include/c++/9/bits/shared_ptr.h:341:2:[m[K [01;36m[Knote: [m[Kcandidate: â€˜[01m[Ktemplate<class _Yp> std::shared_ptr<_Tp>::_Assignable<std::shared_ptr<_Yp> > std::shared_ptr<_Tp>::operator=(std::shared_ptr<_Yp>&&) [with _Yp = _Yp; _Tp = rclcpp::Publisher<geometry_msgs::msg::PointStamped_<std::allocator<void> > >][m[Kâ€™
[1.379s]   341 |  [01;36m[Koperator[m[K=(shared_ptr<_Yp>&& __r) noexcept
[1.379s]       |  [01;36m[K^~~~~~~~[m[K
[1.380s] [01m[K/usr/include/c++/9/bits/shared_ptr.h:341:2:[m[K [01;36m[Knote: [m[K  template argument deduction/substitution failed:
[1.380s] /usr/include/c++/9/bits/shared_ptr.h: In substitution of â€˜[01m[Ktemplate<class _Tp> template<class _Arg> using _Assignable = typename std::enable_if<std::is_assignable<std::__shared_ptr<_Tp>&, _Arg>::value, std::shared_ptr<_Tp>&>::type [with _Arg = std::shared_ptr<rclcpp::Publisher<std_msgs::msg::String_<std::allocator<void> >, std::allocator<void> > >; _Tp = rclcpp::Publisher<geometry_msgs::msg::PointStamped_<std::allocator<void> > >][m[Kâ€™:
[1.380s] [01m[K/usr/include/c++/9/bits/shared_ptr.h:341:2:[m[K   required by substitution of â€˜[01m[Ktemplate<class _Yp> std::shared_ptr<rclcpp::Publisher<geometry_msgs::msg::PointStamped_<std::allocator<void> > > >::_Assignable<std::shared_ptr<_Tp> > std::shared_ptr<rclcpp::Publisher<geometry_msgs::msg::PointStamped_<std::allocator<void> > > >::operator=<_Yp>(std::shared_ptr<_Tp>&&) [with _Yp = rclcpp::Publisher<std_msgs::msg::String_<std::allocator<void> >, std::allocator<void> >][m[Kâ€™
[1.380s] [01m[K/home/rsa2021/starter_code/src/lidar/src/lidar_main.cpp:13:79:[m[K   required from here
[1.380s] [01m[K/usr/include/c++/9/bits/shared_ptr.h:111:8:[m[K [01;31m[Kerror: [m[Kno type named â€˜[01m[Ktype[m[Kâ€™ in â€˜[01m[Kstruct std::enable_if<false, std::shared_ptr<rclcpp::Publisher<geometry_msgs::msg::PointStamped_<std::allocator<void> > > >&>[m[Kâ€™
[1.380s]   111 |  using [01;31m[K_Assignable[m[K = typename enable_if<
[1.380s]       |        [01;31m[K^~~~~~~~~~~[m[K
[1.380s] [01m[K/usr/include/c++/9/bits/shared_ptr.h:349:2:[m[K [01;36m[Knote: [m[Kcandidate: â€˜[01m[Ktemplate<class _Yp, class _Del> std::shared_ptr<_Tp>::_Assignable<std::unique_ptr<_Up, _Ep> > std::shared_ptr<_Tp>::operator=(std::unique_ptr<_Up, _Ep>&&) [with _Yp = _Yp; _Del = _Del; _Tp = rclcpp::Publisher<geometry_msgs::msg::PointStamped_<std::allocator<void> > >][m[Kâ€™
[1.380s]   349 |  [01;36m[Koperator[m[K=(unique_ptr<_Yp, _Del>&& __r)
[1.380s]       |  [01;36m[K^~~~~~~~[m[K
[1.380s] [01m[K/usr/include/c++/9/bits/shared_ptr.h:349:2:[m[K [01;36m[Knote: [m[K  template argument deduction/substitution failed:
[1.380s] [01m[K/home/rsa2021/starter_code/src/lidar/src/lidar_main.cpp:13:79:[m[K [01;36m[Knote: [m[K  â€˜[01m[Kstd::shared_ptr<rclcpp::Publisher<std_msgs::msg::String_<std::allocator<void> >, std::allocator<void> > >[m[Kâ€™ is not derived from â€˜[01m[Kstd::unique_ptr<_Tp, _Dp>[m[Kâ€™
[1.380s]    13 |         publisher_ = this->create_publisher<std_msgs::msg::String>("topic", 10[01;36m[K)[m[K;
[1.380s]       |                                                                               [01;36m[K^[m[K
[1.381s] [01m[K/home/rsa2021/starter_code/src/lidar/src/lidar_main.cpp:14:66:[m[K [01;31m[Kerror: [m[Kâ€˜[01m[KPointStamped[m[Kâ€™ is not a member of â€˜[01m[Kgeometry_msgs[m[Kâ€™; did you mean â€˜[01m[Kgeometry_msgs::msg::PointStamped[m[Kâ€™?
[1.381s]    14 |         subscription_ = this->create_subscription<geometry_msgs::[01;31m[KPointStamped[m[K>("topic", 10, [this](geometry_msgs::msg::PointStamped::SharePtr ps) {
[1.381s]       |                                                                  [01;31m[K^~~~~~~~~~~~[m[K
[1.381s] In file included from [01m[K/opt/ros/foxy/include/geometry_msgs/msg/point_stamped.hpp:7[m[K,
[1.381s]                  from [01m[K/home/rsa2021/starter_code/src/lidar/src/lidar_main.cpp:4[m[K:
[1.381s] [01m[K/opt/ros/foxy/include/geometry_msgs/msg/detail/point_stamped__struct.hpp:134:7:[m[K [01;36m[Knote: [m[Kâ€˜[01m[Kgeometry_msgs::msg::PointStamped[m[Kâ€™ declared here
[1.381s]   134 | using [01;36m[KPointStamped[m[K =
[1.381s]       |       [01;36m[K^~~~~~~~~~~~[m[K
[1.381s] [01m[K/home/rsa2021/starter_code/src/lidar/src/lidar_main.cpp:14:66:[m[K [01;31m[Kerror: [m[Kâ€˜[01m[KPointStamped[m[Kâ€™ is not a member of â€˜[01m[Kgeometry_msgs[m[Kâ€™; did you mean â€˜[01m[Kgeometry_msgs::msg::PointStamped[m[Kâ€™?
[1.381s]    14 |         subscription_ = this->create_subscription<geometry_msgs::[01;31m[KPointStamped[m[K>("topic", 10, [this](geometry_msgs::msg::PointStamped::SharePtr ps) {
[1.381s]       |                                                                  [01;31m[K^~~~~~~~~~~~[m[K
[1.381s] In file included from [01m[K/opt/ros/foxy/include/geometry_msgs/msg/point_stamped.hpp:7[m[K,
[1.381s]                  from [01m[K/home/rsa2021/starter_code/src/lidar/src/lidar_main.cpp:4[m[K:
[1.381s] [01m[K/opt/ros/foxy/include/geometry_msgs/msg/detail/point_stamped__struct.hpp:134:7:[m[K [01;36m[Knote: [m[Kâ€˜[01m[Kgeometry_msgs::msg::PointStamped[m[Kâ€™ declared here
[1.381s]   134 | using [01;36m[KPointStamped[m[K =
[1.381s]       |       [01;36m[K^~~~~~~~~~~~[m[K
[1.381s] [01m[K/home/rsa2021/starter_code/src/lidar/src/lidar_main.cpp:14:134:[m[K [01;31m[Kerror: [m[Kâ€˜[01m[Kgeometry_msgs::msg::PointStamped<std::allocator<void> >::SharePtr[m[Kâ€™ has not been declared
[1.382s]    14 |         subscription_ = this->create_subscription<geometry_msgs::PointStamped>("topic", 10, [this](geometry_msgs::msg::PointStamped::[01;31m[KSharePtr[m[K ps) {
[1.382s]       |                                                                                                                                      [01;31m[K^~~~~~~~[m[K
[1.382s] [01m[K/home/rsa2021/starter_code/src/lidar/src/lidar_main.cpp:[m[K In lambda function:
[1.382s] [01m[K/home/rsa2021/starter_code/src/lidar/src/lidar_main.cpp:15:46:[m[K [01;31m[Kerror: [m[Kinvalid type argument of unary â€˜[01m[K*[m[Kâ€™ (have â€˜[01m[Kint[m[Kâ€™)
[1.382s]    15 |                 publisher_->publish(convert(*[01;31m[Kps[m[K))
[1.382s]       |                                              [01;31m[K^~[m[K
[1.382s] [01m[K/home/rsa2021/starter_code/src/lidar/src/lidar_main.cpp:15:37:[m[K [01;31m[Kerror: [m[Kâ€˜[01m[Kconvert[m[Kâ€™ was not declared in this scope
[1.382s]    15 |                 publisher_->publish([01;31m[Kconvert[m[K(*ps))
[1.382s]       |                                     [01;31m[K^~~~~~~[m[K
[1.382s] [01m[K/home/rsa2021/starter_code/src/lidar/src/lidar_main.cpp:[m[K In constructor â€˜[01m[KPointCloud::PointCloud()[m[Kâ€™:
[1.382s] [01m[K/home/rsa2021/starter_code/src/lidar/src/lidar_main.cpp:16:18:[m[K [01;31m[Kerror: [m[Kno matching function for call to â€˜[01m[KPointCloud::create_subscription<<expression error> >(const char [6], int, PointCloud::PointCloud()::<lambda(int)>)[m[Kâ€™
[1.382s]    16 |                 }[01;31m[K)[m[K;
[1.382s]       |                  [01;31m[K^[m[K
[1.382s] In file included from [01m[K/opt/ros/foxy/include/rclcpp/executors/single_threaded_executor.hpp:28[m[K,
[1.382s]                  from [01m[K/opt/ros/foxy/include/rclcpp/executors.hpp:22[m[K,
[1.383s]                  from [01m[K/opt/ros/foxy/include/rclcpp/rclcpp.hpp:146[m[K,
[1.383s]                  from [01m[K/home/rsa2021/starter_code/src/lidar/src/lidar_main.cpp:2[m[K:
[1.383s] [01m[K/opt/ros/foxy/include/rclcpp/node.hpp:213:3:[m[K [01;36m[Knote: [m[Kcandidate: â€˜[01m[Ktemplate<class MessageT, class CallbackT, class AllocatorT, class CallbackMessageT, class SubscriptionT, class MessageMemoryStrategyT> std::shared_ptr<SubscriptionT> rclcpp::Node::create_subscription(const string&, const rclcpp::QoS&, CallbackT&&, const rclcpp::SubscriptionOptionsWithAllocator<AllocatorT>&, typename MessageMemoryStrategyT::SharedPtr)[m[Kâ€™
[1.383s]   213 |   [01;36m[Kcreate_subscription[m[K(
[1.383s]       |   [01;36m[K^~~~~~~~~~~~~~~~~~~[m[K
[1.384s] [01m[K/opt/ros/foxy/include/rclcpp/node.hpp:213:3:[m[K [01;36m[Knote: [m[K  template argument deduction/substitution failed:
[1.384s] [01m[K/home/rsa2021/starter_code/src/lidar/src/lidar_main.cpp:16:18:[m[K [01;31m[Kerror: [m[Ktemplate argument 1 is invalid
[1.384s]    16 |                 }[01;31m[K)[m[K;
[1.384s]       |                  [01;31m[K^[m[K
[2.206s] make[2]: *** [CMakeFiles/lidar.dir/build.make:63: CMakeFiles/lidar.dir/src/lidar_main.cpp.o] Error 1
[2.206s] make[1]: *** [CMakeFiles/Makefile2:78: CMakeFiles/lidar.dir/all] Error 2
[2.206s] make: *** [Makefile:141: all] Error 2
[2.210s] Invoked command in '/home/rsa2021/starter_code/build/lidar' returned '2': CMAKE_PREFIX_PATH=/opt/ros/foxy /usr/bin/cmake --build /home/rsa2021/starter_code/build/lidar -- -j4 -l4
