[0.020s] Invoking command in '/home/rsa2021/starter_code/build/lidar': CMAKE_PREFIX_PATH=/opt/ros/foxy /usr/bin/cmake --build /home/rsa2021/starter_code/build/lidar -- -j4 -l4
[0.063s] [35m[1mScanning dependencies of target lidar[0m
[0.089s] [ 50%] [32mBuilding CXX object CMakeFiles/lidar.dir/src/lidar_main.cpp.o[0m
[1.248s] [01m[K/home/rsa2021/starter_code/src/lidar/src/lidar_main.cpp:[m[K In member function â€˜[01m[Kvoid PointCloud::point_callback()[m[Kâ€™:
[1.248s] [01m[K/home/rsa2021/starter_code/src/lidar/src/lidar_main.cpp:53:43:[m[K [01;31m[Kerror: [m[Kcannot convert â€˜[01m[Kgeometry_msgs::msg::PointStamped*[m[Kâ€™ {aka â€˜[01m[Kgeometry_msgs::msg::PointStamped_<std::allocator<void> >*[m[Kâ€™} to â€˜[01m[Kgeometry_msgs::msg::PointStamped&[m[Kâ€™ {aka â€˜[01m[Kgeometry_msgs::msg::PointStamped_<std::allocator<void> >&[m[Kâ€™}
[1.248s]    53 |         publisher_->publish(this->convert([01;31m[K&ps[m[K);
[1.248s]       |                                           [01;31m[K^~~[m[K
[1.248s]       |                                           [01;31m[K|[m[K
[1.248s]       |                                           [01;31m[Kgeometry_msgs::msg::PointStamped* {aka geometry_msgs::msg::PointStamped_<std::allocator<void> >*}[m[K
[1.248s] [01m[K/home/rsa2021/starter_code/src/lidar/src/lidar_main.cpp:22:79:[m[K [01;36m[Knote: [m[K  initializing argument 1 of â€˜[01m[Kvisualization_msgs::msg::Marker PointCloud::convert(geometry_msgs::msg::PointStamped&)[m[Kâ€™
[1.248s]    22 |     visualization_msgs::msg::Marker convert([01;36m[Kgeometry_msgs::msg::PointStamped &ps[m[K) {
[1.248s]       |                                             [01;36m[K~~~~~~~~~~~~~~~~~~~~~~~~~~~~~~~~~~^~[m[K
[2.625s] make[2]: *** [CMakeFiles/lidar.dir/build.make:63: CMakeFiles/lidar.dir/src/lidar_main.cpp.o] Error 1
[2.626s] make[1]: *** [CMakeFiles/Makefile2:78: CMakeFiles/lidar.dir/all] Error 2
[2.626s] make: *** [Makefile:141: all] Error 2
[2.629s] Invoked command in '/home/rsa2021/starter_code/build/lidar' returned '2': CMAKE_PREFIX_PATH=/opt/ros/foxy /usr/bin/cmake --build /home/rsa2021/starter_code/build/lidar -- -j4 -l4
