[01m[K/home/rsa2021/starter_code/src/lidar/src/lidar_main.cpp:[m[K In member function â€˜[01m[Kvoid PointCloud::point_callback()[m[Kâ€™:
[01m[K/home/rsa2021/starter_code/src/lidar/src/lidar_main.cpp:53:46:[m[K [01;31m[Kerror: [m[Kexpected â€˜[01m[K)[m[Kâ€™ before â€˜[01m[K;[m[Kâ€™ token
   53 |         publisher_->publish[34m[K([m[Kthis->convert(ps)[01;31m[K;[m[K
      |                            [34m[K~[m[K                 [01;31m[K^[m[K
      |                                              [32m[K)[m[K
make[2]: *** [CMakeFiles/lidar.dir/build.make:63: CMakeFiles/lidar.dir/src/lidar_main.cpp.o] Error 1
make[1]: *** [CMakeFiles/Makefile2:78: CMakeFiles/lidar.dir/all] Error 2
make: *** [Makefile:141: all] Error 2
